#
# There is insufficient memory for the Java Runtime Environment to continue.
# Native memory allocation (malloc) failed to allocate 1604016 bytes for Chunk::new
# Possible reasons:
#   The system is out of physical RAM or swap space
#   The process is running with CompressedOops enabled, and the Java Heap may be blocking the growth of the native heap
# Possible solutions:
#   Reduce memory load on the system
#   Increase physical memory or swap space
#   Check if swap backing store is full
#   Decrease Java heap size (-Xmx/-Xms)
#   Decrease number of Java threads
#   Decrease Java thread stack sizes (-Xss)
#   Set larger code cache with -XX:ReservedCodeCacheSize=
#   JVM is running with Unscaled Compressed Oops mode in which the Java heap is
#     placed in the first 4GB address space. The Java Heap base address is the
#     maximum limit for the native heap growth. Please use -XX:HeapBaseMinAddress
#     to set the Java Heap base and to place the Java Heap above 4GB virtual address.
# This output file may be truncated or incomplete.
#
#  Out of Memory Error (allocation.cpp:389), pid=19352, tid=0x0000000000005428
#
# JRE version: Java(TM) SE Runtime Environment (8.0_211-b12) (build 1.8.0_211-b12)
# Java VM: Java HotSpot(TM) 64-Bit Server VM (25.211-b12 mixed mode windows-amd64 compressed oops)
# Failed to write core dump. Minidumps are not enabled by default on client versions of Windows
#

---------------  T H R E A D  ---------------

Current thread (0x00000000161e9000):  JavaThread "C2 CompilerThread2" daemon [_thread_in_native, id=21544, stack(0x0000000016cc0000,0x0000000016dc0000)]

Stack: [0x0000000016cc0000,0x0000000016dc0000]
[error occurred during error reporting (printing stack bounds), id 0xc0000005]

Native frames: (J=compiled Java code, j=interpreted, Vv=VM code, C=native code)


Current CompileTask:
C2:   7663 3269       4       groovy.lang.MetaClassImpl$1MOPIter::methodNameAction (325 bytes)


---------------  P R O C E S S  ---------------

Java Threads: ( => current thread )
  0x00000000186b7000 JavaThread "Cache worker for file content cache (C:\Users\Renato\.gradle\caches\6.7\fileContent)" [_thread_blocked, id=21672, stack(0x0000000020a70000,0x0000000020b70000)]
  0x00000000186b4000 JavaThread "jar transforms" [_thread_blocked, id=19412, stack(0x000000001eec0000,0x000000001efc0000)]
  0x00000000161f0000 JavaThread "Cache worker for execution history cache (C:\Users\Renato\.gradle\caches\6.7\executionHistory)" [_thread_blocked, id=16444, stack(0x000000001eb20000,0x000000001ec20000)]
  0x00000000161ef000 JavaThread "Cache worker for cache directory md-rule (C:\Users\Renato\.gradle\caches\6.7\md-rule)" [_thread_blocked, id=20032, stack(0x000000001ea20000,0x000000001eb20000)]
  0x00000000161f3000 JavaThread "Cache worker for cache directory md-supplier (C:\Users\Renato\.gradle\caches\6.7\md-supplier)" [_thread_blocked, id=16012, stack(0x000000001d5a0000,0x000000001d6a0000)]
  0x00000000161f5000 JavaThread "Cache worker for checksums cache (C:\Users\Renato\Desktop\curso-react-native\Calculator\android\.gradle\checksums)" [_thread_blocked, id=19832, stack(0x000000001d4a0000,0x000000001d5a0000)]
  0x00000000161f2000 JavaThread "Cache worker for file hash cache (C:\Users\Renato\Desktop\curso-react-native\Calculator\android\.gradle\6.7\fileHashes)" [_thread_blocked, id=1332, stack(0x000000001e920000,0x000000001ea20000)]
  0x00000000161f6000 JavaThread "Cache worker for journal cache (C:\Users\Renato\.gradle\caches\journal-1)" [_thread_blocked, id=22304, stack(0x000000001b200000,0x000000001b300000)]
  0x00000000161f4800 JavaThread "File lock request listener" [_thread_in_native, id=12344, stack(0x000000001b100000,0x000000001b200000)]
  0x00000000161f1800 JavaThread "Cache worker for file hash cache (C:\Users\Renato\.gradle\caches\6.7\fileHashes)" [_thread_blocked, id=11820, stack(0x000000001b000000,0x000000001b100000)]
  0x0000000018d40800 JavaThread "Thread-9" [_thread_blocked, id=13128, stack(0x000000001ad00000,0x000000001ae00000)]
  0x0000000018d3d800 JavaThread "Stdin handler" [_thread_blocked, id=14548, stack(0x000000001ac00000,0x000000001ad00000)]
  0x0000000018d32800 JavaThread "Asynchronous log dispatcher for DefaultDaemonConnection: socket connection from /127.0.0.1:49499 to /127.0.0.1:49500" [_thread_blocked, id=14680, stack(0x000000001ab00000,0x000000001ac00000)]
  0x0000000018d32000 JavaThread "Daemon worker" [_thread_in_vm, id=21932, stack(0x000000001aa00000,0x000000001ab00000)]
  0x0000000018d2e800 JavaThread "Cancel handler" [_thread_blocked, id=3392, stack(0x000000001a800000,0x000000001a900000)]
  0x0000000018d29000 JavaThread "Handler for socket connection from /127.0.0.1:49499 to /127.0.0.1:49500" [_thread_in_native, id=12704, stack(0x000000001a700000,0x000000001a800000)]
  0x0000000018d24800 JavaThread "Daemon" [_thread_blocked, id=19844, stack(0x000000001a400000,0x000000001a500000)]
  0x0000000018d18800 JavaThread "Daemon periodic checks" [_thread_blocked, id=984, stack(0x000000001a300000,0x000000001a400000)]
  0x0000000018cc2000 JavaThread "Incoming local TCP Connector on port 49499" [_thread_in_native, id=14080, stack(0x000000001a0a0000,0x000000001a1a0000)]
  0x0000000018c09800 JavaThread "Daemon health stats" [_thread_blocked, id=20184, stack(0x0000000019860000,0x0000000019960000)]
  0x0000000016286000 JavaThread "Service Thread" daemon [_thread_blocked, id=1592, stack(0x0000000016ec0000,0x0000000016fc0000)]
  0x00000000161f0800 JavaThread "C1 CompilerThread3" daemon [_thread_in_vm, id=20392, stack(0x0000000016dc0000,0x0000000016ec0000)]
=>0x00000000161e9000 JavaThread "C2 CompilerThread2" daemon [_thread_in_native, id=21544, stack(0x0000000016cc0000,0x0000000016dc0000)]
  0x00000000161e4000 JavaThread "C2 CompilerThread1" daemon [_thread_in_native, id=20836, stack(0x0000000016bc0000,0x0000000016cc0000)]
  0x00000000161de000 JavaThread "C2 CompilerThread0" daemon [_thread_in_native, id=18332, stack(0x0000000016ac0000,0x0000000016bc0000)]
  0x00000000161db000 JavaThread "Attach Listener" daemon [_thread_blocked, id=15408, stack(0x00000000169c0000,0x0000000016ac0000)]
  0x00000000161da000 JavaThread "Signal Dispatcher" daemon [_thread_blocked, id=14748, stack(0x00000000168c0000,0x00000000169c0000)]
  0x00000000161d0800 JavaThread "Finalizer" daemon [_thread_blocked, id=17852, stack(0x00000000166b0000,0x00000000167b0000)]
  0x00000000143ed000 JavaThread "Reference Handler" daemon [_thread_blocked, id=4040, stack(0x00000000165b0000,0x00000000166b0000)]
  0x0000000002b32800 JavaThread "main" [_thread_blocked, id=17916, stack(0x0000000002950000,0x0000000002a50000)]

Other Threads:
  0x00000000143e8800 VMThread [stack: 0x00000000160b0000,0x00000000161b0000] [id=18316]
  0x0000000016248000 WatcherThread [stack: 0x0000000016fc0000,0x00000000170c0000] [id=21740]

VM state:not at safepoint (normal execution)

VM Mutex/Monitor currently owned by a thread: None

heap address: 0x00000000e0000000, size: 512 MB, Compressed Oops mode: 32-bit
Narrow klass base: 0x0000000000000000, Narrow klass shift: 3
Compressed class space size: 1073741824 Address: 0x0000000100000000

Heap:
 PSYoungGen      total 76288K, used 13779K [0x00000000f5580000, 0x00000000faa80000, 0x0000000100000000)
  eden space 65536K, 21% used [0x00000000f5580000,0x00000000f62f4dd8,0x00000000f9580000)
  from space 10752K, 0% used [0x00000000fa000000,0x00000000fa000000,0x00000000faa80000)
  to   space 10752K, 0% used [0x00000000f9580000,0x00000000f9580000,0x00000000fa000000)
 ParOldGen       total 175104K, used 15909K [0x00000000e0000000, 0x00000000eab00000, 0x00000000f5580000)
  object space 175104K, 9% used [0x00000000e0000000,0x00000000e0f89458,0x00000000eab00000)
 Metaspace       used 34431K, capacity 35490K, committed 35624K, reserved 1079296K
  class space    used 4638K, capacity 4871K, committed 4992K, reserved 1048576K

Card table byte_map: [0x0000000011ff0000,0x0000000012100000] byte_map_base: 0x00000000118f0000

Marking Bits: (ParMarkBitMap*) 0x0000000061f35ce0
 Begin Bits: [0x0000000012900000, 0x0000000013100000)
 End Bits:   [0x0000000013100000, 0x0000000013900000)

Polling page: 0x0000000001070000

CodeCache: size=245760Kb used=12804Kb max_used=12804Kb free=232955Kb
 bounds [0x0000000002c30000, 0x00000000038c0000, 0x0000000011c30000]
 total_blobs=4021 nmethods=3317 adapters=616
 compilation: enabled

Compilation events (10 events):
Event: 7.280 Thread 0x00000000161f0800 3331  s    3       java.beans.MethodDescriptor::setMethod (41 bytes)
Event: 7.281 Thread 0x00000000161f0800 nmethod 3331 0x00000000038a97d0 code [0x00000000038a9ac0, 0x00000000038ab468]
Event: 7.281 Thread 0x00000000161f0800 3332       3       java.beans.Introspector::makeQualifiedMethodName (50 bytes)
Event: 7.282 Thread 0x00000000161f0800 nmethod 3332 0x00000000038ac1d0 code [0x00000000038ac460, 0x00000000038add08]
Event: 7.282 Thread 0x00000000161f0800 3333       3       java.beans.FeatureDescriptor::<init> (137 bytes)
Event: 7.282 Thread 0x00000000161f0800 nmethod 3333 0x00000000038aec10 code [0x00000000038aee60, 0x00000000038afa98]
Event: 7.282 Thread 0x00000000161f0800 3334       3       org.codehaus.groovy.classgen.asm.BytecodeHelper::getClassInternalName (9 bytes)
Event: 7.283 Thread 0x00000000161f0800 nmethod 3334 0x00000000038a2390 code [0x00000000038a2500, 0x00000000038a2708]
Event: 7.613 Thread 0x00000000161f0800 3336   !   3       java.util.concurrent.LinkedBlockingQueue::poll (134 bytes)
Event: 7.614 Thread 0x00000000161f0800 nmethod 3336 0x00000000038b0010 code [0x00000000038b0320, 0x00000000038b1c78]

GC Heap History (10 events):
Event: 4.392 GC heap before
{Heap before GC invocations=4 (full 0):
 PSYoungGen      total 76288K, used 29154K [0x00000000f5580000, 0x00000000faa80000, 0x0000000100000000)
  eden space 65536K, 28% used [0x00000000f5580000,0x00000000f677f880,0x00000000f9580000)
  from space 10752K, 99% used [0x00000000f9580000,0x00000000f9ff92f8,0x00000000fa000000)
  to   space 10752K, 0% used [0x00000000fa000000,0x00000000fa000000,0x00000000faa80000)
 ParOldGen       total 175104K, used 638K [0x00000000e0000000, 0x00000000eab00000, 0x00000000f5580000)
  object space 175104K, 0% used [0x00000000e0000000,0x00000000e009faf8,0x00000000eab00000)
 Metaspace       used 20460K, capacity 21114K, committed 21296K, reserved 1067008K
  class space    used 3015K, capacity 3175K, committed 3200K, reserved 1048576K
Event: 4.398 GC heap after
Heap after GC invocations=4 (full 0):
 PSYoungGen      total 76288K, used 8176K [0x00000000f5580000, 0x00000000faa80000, 0x0000000100000000)
  eden space 65536K, 0% used [0x00000000f5580000,0x00000000f5580000,0x00000000f9580000)
  from space 10752K, 76% used [0x00000000fa000000,0x00000000fa7fc058,0x00000000faa80000)
  to   space 10752K, 0% used [0x00000000f9580000,0x00000000f9580000,0x00000000fa000000)
 ParOldGen       total 175104K, used 646K [0x00000000e0000000, 0x00000000eab00000, 0x00000000f5580000)
  object space 175104K, 0% used [0x00000000e0000000,0x00000000e00a1af8,0x00000000eab00000)
 Metaspace       used 20460K, capacity 21114K, committed 21296K, reserved 1067008K
  class space    used 3015K, capacity 3175K, committed 3200K, reserved 1048576K
}
Event: 4.398 GC heap before
{Heap before GC invocations=5 (full 1):
 PSYoungGen      total 76288K, used 8176K [0x00000000f5580000, 0x00000000faa80000, 0x0000000100000000)
  eden space 65536K, 0% used [0x00000000f5580000,0x00000000f5580000,0x00000000f9580000)
  from space 10752K, 76% used [0x00000000fa000000,0x00000000fa7fc058,0x00000000faa80000)
  to   space 10752K, 0% used [0x00000000f9580000,0x00000000f9580000,0x00000000fa000000)
 ParOldGen       total 175104K, used 646K [0x00000000e0000000, 0x00000000eab00000, 0x00000000f5580000)
  object space 175104K, 0% used [0x00000000e0000000,0x00000000e00a1af8,0x00000000eab00000)
 Metaspace       used 20460K, capacity 21114K, committed 21296K, reserved 1067008K
  class space    used 3015K, capacity 3175K, committed 3200K, reserved 1048576K
Event: 4.430 GC heap after
Heap after GC invocations=5 (full 1):
 PSYoungGen      total 76288K, used 0K [0x00000000f5580000, 0x00000000faa80000, 0x0000000100000000)
  eden space 65536K, 0% used [0x00000000f5580000,0x00000000f5580000,0x00000000f9580000)
  from space 10752K, 0% used [0x00000000fa000000,0x00000000fa000000,0x00000000faa80000)
  to   space 10752K, 0% used [0x00000000f9580000,0x00000000f9580000,0x00000000fa000000)
 ParOldGen       total 175104K, used 7981K [0x00000000e0000000, 0x00000000eab00000, 0x00000000f5580000)
  object space 175104K, 4% used [0x00000000e0000000,0x00000000e07cb7e0,0x00000000eab00000)
 Metaspace       used 20460K, capacity 21114K, committed 21296K, reserved 1067008K
  class space    used 3015K, capacity 3175K, committed 3200K, reserved 1048576K
}
Event: 5.109 GC heap before
{Heap before GC invocations=6 (full 1):
 PSYoungGen      total 76288K, used 65536K [0x00000000f5580000, 0x00000000faa80000, 0x0000000100000000)
  eden space 65536K, 100% used [0x00000000f5580000,0x00000000f9580000,0x00000000f9580000)
  from space 10752K, 0% used [0x00000000fa000000,0x00000000fa000000,0x00000000faa80000)
  to   space 10752K, 0% used [0x00000000f9580000,0x00000000f9580000,0x00000000fa000000)
 ParOldGen       total 175104K, used 7981K [0x00000000e0000000, 0x00000000eab00000, 0x00000000f5580000)
  object space 175104K, 4% used [0x00000000e0000000,0x00000000e07cb7e0,0x00000000eab00000)
 Metaspace       used 28779K, capacity 29568K, committed 29696K, reserved 1075200K
  class space    used 4111K, capacity 4286K, committed 4352K, reserved 1048576K
Event: 5.115 GC heap after
Heap after GC invocations=6 (full 1):
 PSYoungGen      total 76288K, used 8294K [0x00000000f5580000, 0x00000000faa80000, 0x0000000100000000)
  eden space 65536K, 0% used [0x00000000f5580000,0x00000000f5580000,0x00000000f9580000)
  from space 10752K, 77% used [0x00000000f9580000,0x00000000f9d99bf8,0x00000000fa000000)
  to   space 10752K, 0% used [0x00000000fa000000,0x00000000fa000000,0x00000000faa80000)
 ParOldGen       total 175104K, used 7989K [0x00000000e0000000, 0x00000000eab00000, 0x00000000f5580000)
  object space 175104K, 4% used [0x00000000e0000000,0x00000000e07cd7e0,0x00000000eab00000)
 Metaspace       used 28779K, capacity 29568K, committed 29696K, reserved 1075200K
  class space    used 4111K, capacity 4286K, committed 4352K, reserved 1048576K
}
Event: 7.042 GC heap before
{Heap before GC invocations=7 (full 1):
 PSYoungGen      total 76288K, used 70347K [0x00000000f5580000, 0x00000000faa80000, 0x0000000100000000)
  eden space 65536K, 94% used [0x00000000f5580000,0x00000000f9219058,0x00000000f9580000)
  from space 10752K, 77% used [0x00000000f9580000,0x00000000f9d99bf8,0x00000000fa000000)
  to   space 10752K, 0% used [0x00000000fa000000,0x00000000fa000000,0x00000000faa80000)
 ParOldGen       total 175104K, used 7989K [0x00000000e0000000, 0x00000000eab00000, 0x00000000f5580000)
  object space 175104K, 4% used [0x00000000e0000000,0x00000000e07cd7e0,0x00000000eab00000)
 Metaspace       used 34343K, capacity 35406K, committed 35496K, reserved 1079296K
  class space    used 4627K, capacity 4864K, committed 4864K, reserved 1048576K
Event: 7.052 GC heap after
Heap after GC invocations=7 (full 1):
 PSYoungGen      total 76288K, used 9432K [0x00000000f5580000, 0x00000000faa80000, 0x0000000100000000)
  eden space 65536K, 0% used [0x00000000f5580000,0x00000000f5580000,0x00000000f9580000)
  from space 10752K, 87% used [0x00000000fa000000,0x00000000fa9361b8,0x00000000faa80000)
  to   space 10752K, 0% used [0x00000000f9580000,0x00000000f9580000,0x00000000fa000000)
 ParOldGen       total 175104K, used 7997K [0x00000000e0000000, 0x00000000eab00000, 0x00000000f5580000)
  object space 175104K, 4% used [0x00000000e0000000,0x00000000e07cf7e0,0x00000000eab00000)
 Metaspace       used 34343K, capacity 35406K, committed 35496K, reserved 1079296K
  class space    used 4627K, capacity 4864K, committed 4864K, reserved 1048576K
}
Event: 7.052 GC heap before
{Heap before GC invocations=8 (full 2):
 PSYoungGen      total 76288K, used 9432K [0x00000000f5580000, 0x00000000faa80000, 0x0000000100000000)
  eden space 65536K, 0% used [0x00000000f5580000,0x00000000f5580000,0x00000000f9580000)
  from space 10752K, 87% used [0x00000000fa000000,0x00000000fa9361b8,0x00000000faa80000)
  to   space 10752K, 0% used [0x00000000f9580000,0x00000000f9580000,0x00000000fa000000)
 ParOldGen       total 175104K, used 7997K [0x00000000e0000000, 0x00000000eab00000, 0x00000000f5580000)
  object space 175104K, 4% used [0x00000000e0000000,0x00000000e07cf7e0,0x00000000eab00000)
 Metaspace       used 34343K, capacity 35406K, committed 35496K, reserved 1079296K
  class space    used 4627K, capacity 4864K, committed 4864K, reserved 1048576K
Event: 7.105 GC heap after
Heap after GC invocations=8 (full 2):
 PSYoungGen      total 76288K, used 0K [0x00000000f5580000, 0x00000000faa80000, 0x0000000100000000)
  eden space 65536K, 0% used [0x00000000f5580000,0x00000000f5580000,0x00000000f9580000)
  from space 10752K, 0% used [0x00000000fa000000,0x00000000fa000000,0x00000000faa80000)
  to   space 10752K, 0% used [0x00000000f9580000,0x00000000f9580000,0x00000000fa000000)
 ParOldGen       total 175104K, used 15909K [0x00000000e0000000, 0x00000000eab00000, 0x00000000f5580000)
  object space 175104K, 9% used [0x00000000e0000000,0x00000000e0f89458,0x00000000eab00000)
 Metaspace       used 34239K, capacity 35216K, committed 35496K, reserved 1079296K
  class space    used 4606K, capacity 4822K, committed 4864K, reserved 1048576K
}

Deoptimization events (10 events):
Event: 6.676 Thread 0x0000000018d32000 Uncommon trap: reason=unstable_if action=reinterpret pc=0x00000000036075c0 method=java.io.StringReader.read()I @ 19
Event: 6.998 Thread 0x00000000186b4000 Uncommon trap: reason=unstable_if action=reinterpret pc=0x0000000003319288 method=org.objectweb.asm.ByteVector.putShort(I)Lorg/objectweb/asm/ByteVector; @ 13
Event: 7.041 Thread 0x0000000018d32000 Uncommon trap: reason=unstable_if action=reinterpret pc=0x000000000325d574 method=java.net.URLClassLoader.defineClass(Ljava/lang/String;Lsun/misc/Resource;)Ljava/lang/Class; @ 21
Event: 7.204 Thread 0x0000000018d32000 Uncommon trap: reason=class_check action=maybe_recompile pc=0x00000000038911cc method=org.codehaus.groovy.runtime.metaclass.MetaMethodIndex.addMethodToList(Ljava/lang/Object;Lgroovy/lang/MetaMethod;)Ljava/lang/Object; @ 240
Event: 7.204 Thread 0x0000000018d32000 Uncommon trap: reason=class_check action=maybe_recompile pc=0x00000000038911cc method=org.codehaus.groovy.runtime.metaclass.MetaMethodIndex.addMethodToList(Ljava/lang/Object;Lgroovy/lang/MetaMethod;)Ljava/lang/Object; @ 240
Event: 7.204 Thread 0x0000000018d32000 Uncommon trap: reason=class_check action=maybe_recompile pc=0x00000000038911cc method=org.codehaus.groovy.runtime.metaclass.MetaMethodIndex.addMethodToList(Ljava/lang/Object;Lgroovy/lang/MetaMethod;)Ljava/lang/Object; @ 240
Event: 7.204 Thread 0x0000000018d32000 Uncommon trap: reason=class_check action=maybe_recompile pc=0x00000000038911cc method=org.codehaus.groovy.runtime.metaclass.MetaMethodIndex.addMethodToList(Ljava/lang/Object;Lgroovy/lang/MetaMethod;)Ljava/lang/Object; @ 240
Event: 7.268 Thread 0x0000000018d32000 Uncommon trap: reason=bimorphic action=maybe_recompile pc=0x00000000038a6250 method=org.codehaus.groovy.runtime.metaclass.MetaMethodIndex.addMethodToList(Ljava/lang/Object;Lgroovy/lang/MetaMethod;)Ljava/lang/Object; @ 96
Event: 7.271 Thread 0x0000000018d32000 Uncommon trap: reason=bimorphic action=maybe_recompile pc=0x00000000038a6250 method=org.codehaus.groovy.runtime.metaclass.MetaMethodIndex.addMethodToList(Ljava/lang/Object;Lgroovy/lang/MetaMethod;)Ljava/lang/Object; @ 96
Event: 7.282 Thread 0x0000000018d32000 Uncommon trap: reason=unstable_if action=reinterpret pc=0x000000000360edd8 method=java.io.BufferedInputStream.read1([BII)I @ 22

Classes redefined (0 events):
No events

Internal exceptions (10 events):
Event: 7.268 Thread 0x0000000018d32000 Exception <a 'java/lang/ClassNotFoundException': java/io/InputStreamReaderBeanInfo> (0x00000000f5c85268) thrown at [C:\re\workspace\8-2-build-windows-amd64-cygwin\jdk8u211\12973\hotspot\src\share\vm\classfile\systemDictionary.cpp, line 210]
Event: 7.269 Thread 0x0000000018d32000 Exception <a 'java/lang/ClassNotFoundException': java/io/ReaderBeanInfo> (0x00000000f5c88f80) thrown at [C:\re\workspace\8-2-build-windows-amd64-cygwin\jdk8u211\12973\hotspot\src\share\vm\classfile\systemDictionary.cpp, line 210]
Event: 7.269 Thread 0x0000000018d32000 Exception <a 'java/lang/ClassNotFoundException': java/io/ReaderCustomizer> (0x00000000f5c8cd10) thrown at [C:\re\workspace\8-2-build-windows-amd64-cygwin\jdk8u211\12973\hotspot\src\share\vm\classfile\systemDictionary.cpp, line 210]
Event: 7.269 Thread 0x0000000018d32000 Exception <a 'java/lang/ClassNotFoundException': java/io/InputStreamReaderCustomizer> (0x00000000f5c957f0) thrown at [C:\re\workspace\8-2-build-windows-amd64-cygwin\jdk8u211\12973\hotspot\src\share\vm\classfile\systemDictionary.cpp, line 210]
Event: 7.271 Thread 0x0000000018d32000 Exception <a 'java/lang/ClassNotFoundException': java/io/BufferedReaderBeanInfo> (0x00000000f5cbca70) thrown at [C:\re\workspace\8-2-build-windows-amd64-cygwin\jdk8u211\12973\hotspot\src\share\vm\classfile\systemDictionary.cpp, line 210]
Event: 7.271 Thread 0x0000000018d32000 Exception <a 'java/lang/ClassNotFoundException': java/io/BufferedReaderCustomizer> (0x00000000f5cc08c8) thrown at [C:\re\workspace\8-2-build-windows-amd64-cygwin\jdk8u211\12973\hotspot\src\share\vm\classfile\systemDictionary.cpp, line 210]
Event: 7.275 Thread 0x0000000018d32000 Exception <a 'java/lang/ClassNotFoundException': java/lang/StringBufferBeanInfo> (0x00000000f5dd3650) thrown at [C:\re\workspace\8-2-build-windows-amd64-cygwin\jdk8u211\12973\hotspot\src\share\vm\classfile\systemDictionary.cpp, line 210]
Event: 7.275 Thread 0x0000000018d32000 Exception <a 'java/lang/ClassNotFoundException': java/lang/AbstractStringBuilderBeanInfo> (0x00000000f5dd7648) thrown at [C:\re\workspace\8-2-build-windows-amd64-cygwin\jdk8u211\12973\hotspot\src\share\vm\classfile\systemDictionary.cpp, line 210]
Event: 7.275 Thread 0x0000000018d32000 Exception <a 'java/lang/ClassNotFoundException': java/lang/AbstractStringBuilderCustomizer> (0x00000000f5ddb678) thrown at [C:\re\workspace\8-2-build-windows-amd64-cygwin\jdk8u211\12973\hotspot\src\share\vm\classfile\systemDictionary.cpp, line 210]
Event: 7.280 Thread 0x0000000018d32000 Exception <a 'java/lang/ClassNotFoundException': java/lang/StringBufferCustomizer> (0x00000000f5e7f680) thrown at [C:\re\workspace\8-2-build-windows-amd64-cygwin\jdk8u211\12973\hotspot\src\share\vm\classfile\systemDictionary.cpp, line 210]

Events (10 events):
Event: 7.280 loading class java/lang/StringBufferCustomizer done
Event: 7.280 loading class java/lang/StringBufferCustomizer
Event: 7.280 loading class java/lang/StringBufferCustomizer done
Event: 7.282 loading class groovy/lang/GroovyRuntimeException
Event: 7.282 loading class groovy/lang/GroovyRuntimeException done
Event: 7.282 Thread 0x0000000018d32000 Uncommon trap: trap_request=0xffffff65 fr.pc=0x000000000360edd8
Event: 7.282 Executing VM operation: RevokeBias
Event: 7.282 Executing VM operation: RevokeBias done
Event: 7.282 Thread 0x0000000018d32000 DEOPT PACKING pc=0x000000000360edd8 sp=0x000000001aaf8bd0
Event: 7.282 Thread 0x0000000018d32000 DEOPT UNPACKING pc=0x0000000002c7583b sp=0x000000001aaf8b28 mode 2


Dynamic libraries:
0x00007ff7950a0000 - 0x00007ff7950d7000 	C:\Program Files\Java\jdk1.8.0_211\bin\java.exe
0x00007ffd93b80000 - 0x00007ffd93d70000 	C:\WINDOWS\SYSTEM32\ntdll.dll
0x00007ffd89810000 - 0x00007ffd89822000 	C:\Program Files\AVAST Software\Avast\aswhook.dll
0x00007ffd91d60000 - 0x00007ffd91e12000 	C:\WINDOWS\System32\KERNEL32.DLL
0x00007ffd91820000 - 0x00007ffd91ac5000 	C:\WINDOWS\System32\KERNELBASE.dll
0x00007ffd92290000 - 0x00007ffd92333000 	C:\WINDOWS\System32\ADVAPI32.dll
0x00007ffd930f0000 - 0x00007ffd9318e000 	C:\WINDOWS\System32\msvcrt.dll
0x00007ffd923f0000 - 0x00007ffd92487000 	C:\WINDOWS\System32\sechost.dll
0x00007ffd92fd0000 - 0x00007ffd930ef000 	C:\WINDOWS\System32\RPCRT4.dll
0x00007ffd926d0000 - 0x00007ffd92864000 	C:\WINDOWS\System32\USER32.dll
0x00007ffd90d10000 - 0x00007ffd90d31000 	C:\WINDOWS\System32\win32u.dll
0x00007ffd93900000 - 0x00007ffd93926000 	C:\WINDOWS\System32\GDI32.dll
0x00007ffd915b0000 - 0x00007ffd91748000 	C:\WINDOWS\System32\gdi32full.dll
0x00007ffd90af0000 - 0x00007ffd90b8e000 	C:\WINDOWS\System32\msvcp_win.dll
0x00007ffd90b90000 - 0x00007ffd90c8a000 	C:\WINDOWS\System32\ucrtbase.dll
0x00007ffd6ea80000 - 0x00007ffd6ed04000 	C:\WINDOWS\WinSxS\amd64_microsoft.windows.common-controls_6595b64144ccf1df_6.0.18362.1440_none_9e7dbfb9e45e8e67\COMCTL32.dll
0x00007ffd92ba0000 - 0x00007ffd92ed6000 	C:\WINDOWS\System32\combase.dll
0x00007ffd91520000 - 0x00007ffd915a1000 	C:\WINDOWS\System32\bcryptPrimitives.dll
0x00007ffd92af0000 - 0x00007ffd92b1e000 	C:\WINDOWS\System32\IMM32.DLL
0x0000000061fc0000 - 0x0000000062092000 	C:\Program Files\Java\jdk1.8.0_211\jre\bin\msvcr100.dll
0x0000000061710000 - 0x0000000061fb5000 	C:\Program Files\Java\jdk1.8.0_211\jre\bin\server\jvm.dll
0x00007ffd92490000 - 0x00007ffd92498000 	C:\WINDOWS\System32\PSAPI.DLL
0x00007ffd830d0000 - 0x00007ffd830d9000 	C:\WINDOWS\SYSTEM32\WSOCK32.dll
0x00007ffd87880000 - 0x00007ffd8788a000 	C:\WINDOWS\SYSTEM32\VERSION.dll
0x00007ffd835a0000 - 0x00007ffd835c4000 	C:\WINDOWS\SYSTEM32\WINMM.dll
0x00007ffd93ad0000 - 0x00007ffd93b3f000 	C:\WINDOWS\System32\WS2_32.dll
0x00007ffd83570000 - 0x00007ffd8359d000 	C:\WINDOWS\SYSTEM32\WINMMBASE.dll
0x00007ffd90c90000 - 0x00007ffd90cda000 	C:\WINDOWS\System32\cfgmgr32.dll
0x00007ffd882d0000 - 0x00007ffd882df000 	C:\Program Files\Java\jdk1.8.0_211\jre\bin\verify.dll
0x00007ffd79be0000 - 0x00007ffd79c09000 	C:\Program Files\Java\jdk1.8.0_211\jre\bin\java.dll
0x00007ffd81410000 - 0x00007ffd81426000 	C:\Program Files\Java\jdk1.8.0_211\jre\bin\zip.dll
0x00007ffd93190000 - 0x00007ffd93878000 	C:\WINDOWS\System32\SHELL32.dll
0x00007ffd92340000 - 0x00007ffd923e7000 	C:\WINDOWS\System32\shcore.dll
0x00007ffd90da0000 - 0x00007ffd9151b000 	C:\WINDOWS\System32\windows.storage.dll
0x00007ffd90ab0000 - 0x00007ffd90ace000 	C:\WINDOWS\System32\profapi.dll
0x00007ffd90a40000 - 0x00007ffd90a8a000 	C:\WINDOWS\System32\powrprof.dll
0x00007ffd90a30000 - 0x00007ffd90a40000 	C:\WINDOWS\System32\UMPDC.dll
0x00007ffd91d00000 - 0x00007ffd91d52000 	C:\WINDOWS\System32\shlwapi.dll
0x00007ffd90a90000 - 0x00007ffd90aa1000 	C:\WINDOWS\System32\kernel.appcore.dll
0x00007ffd91800000 - 0x00007ffd91817000 	C:\WINDOWS\System32\cryptsp.dll
0x00007ffd6bf50000 - 0x00007ffd6bf6a000 	C:\Program Files\Java\jdk1.8.0_211\jre\bin\net.dll
0x00007ffd82300000 - 0x00007ffd824d7000 	C:\WINDOWS\SYSTEM32\urlmon.dll
0x00007ffd804d0000 - 0x00007ffd80777000 	C:\WINDOWS\SYSTEM32\iertutil.dll
0x00007ffd90440000 - 0x00007ffd9044c000 	C:\WINDOWS\SYSTEM32\CRYPTBASE.DLL
0x00007ffd90270000 - 0x00007ffd902d7000 	C:\WINDOWS\system32\mswsock.dll
0x00007ffd6bf30000 - 0x00007ffd6bf42000 	C:\Program Files\Java\jdk1.8.0_211\jre\bin\nio.dll
0x00007ffd72190000 - 0x00007ffd721b6000 	C:\Users\Renato\.gradle\native\fdc75f09e3144964f2cf3f50f0aa648679c211496f362492102eb8c894070792\windows-amd64\native-platform.dll
0x00007ffd4d270000 - 0x00007ffd4d401000 	C:\Users\Renato\.gradle\native\12488b8bf47d2d4c9fbf2f6322a914ad602e24e48041cd04a747c6da556b65c4\windows-amd64\native-platform-file-events.dll
0x00007ffd7aa10000 - 0x00007ffd7aa1d000 	C:\Program Files\Java\jdk1.8.0_211\jre\bin\management.dll
0x00007ffd8fd90000 - 0x00007ffd8fdc3000 	C:\WINDOWS\system32\rsaenh.dll
0x00007ffd90ce0000 - 0x00007ffd90d06000 	C:\WINDOWS\System32\bcrypt.dll
0x00007ffd90950000 - 0x00007ffd90975000 	C:\WINDOWS\SYSTEM32\USERENV.dll
0x00007ffd8ff20000 - 0x00007ffd8ff5a000 	C:\WINDOWS\SYSTEM32\IPHLPAPI.DLL
0x00007ffd92880000 - 0x00007ffd92888000 	C:\WINDOWS\System32\NSI.dll
0x00007ffd862c0000 - 0x00007ffd862d6000 	C:\WINDOWS\SYSTEM32\dhcpcsvc6.DLL
0x00007ffd86ae0000 - 0x00007ffd86afc000 	C:\WINDOWS\SYSTEM32\dhcpcsvc.DLL
0x00007ffd90010000 - 0x00007ffd900db000 	C:\WINDOWS\SYSTEM32\DNSAPI.dll
0x00007ffd86d80000 - 0x00007ffd86d8b000 	C:\WINDOWS\SYSTEM32\WINNSI.DLL

VM Arguments:
jvm_args: -XX:MaxMetaspaceSize=256m -XX:+HeapDumpOnOutOfMemoryError -Xms256m -Xmx512m -Dfile.encoding=windows-1252 -Duser.country=BR -Duser.language=pt -Duser.variant 
java_command: org.gradle.launcher.daemon.bootstrap.GradleDaemon 6.7
java_class_path (initial): C:\Users\Renato\.gradle\wrapper\dists\gradle-6.7-all\cuy9mc7upwgwgeb72wkcrupxe\gradle-6.7\lib\gradle-launcher-6.7.jar
Launcher Type: SUN_STANDARD

Environment Variables:
JAVA_HOME=C:\Program Files\Java\jdk1.8.0_211
CLASSPATH=C:\Users\Renato\Desktop\curso-react-native\Calculator\android\\gradle\wrapper\gradle-wrapper.jar
PATH=C:\Users\Renato\Desktop\curso-react-native\Calculator\android\node_modules\.bin;C:\Users\Renato\Desktop\curso-react-native\Calculator\node_modules\.bin;C:\Users\Renato\Desktop\curso-react-native\node_modules\.bin;C:\Users\Renato\Desktop\node_modules\.bin;C:\Users\Renato\node_modules\.bin;C:\Users\node_modules\.bin;C:\node_modules\.bin;C:\Program Files\nodejs;C:\Users\Renato\Desktop\curso-react-native\Calculator\node_modules\.bin;C:\Users\Renato\Desktop\curso-react-native\node_modules\.bin;C:\Users\Renato\Desktop\node_modules\.bin;C:\Users\Renato\node_modules\.bin;C:\Users\node_modules\.bin;C:\node_modules\.bin;C:\Program Files\nodejs\node_modules\npm\node_modules\@npmcli\run-script\lib\node-gyp-bin;C:\Python27\;C:\Python27\Scripts;C:\Program Files (x86)\Intel\Intel(R) Management Engine Components\iCLS\;C:\Program Files\Intel\Intel(R) Management Engine Components\iCLS\;C:\WINDOWS\system32;C:\WINDOWS;C:\WINDOWS\System32\Wbem;C:\WINDOWS\System32\WindowsPowerShell\v1.0\;C:\WINDOWS\System32\OpenSSH\;C:\Program Files (x86)\Intel\Intel(R) Management Engine Components\DAL;C:\Program Files\Intel\Intel(R) Management Engine Components\DAL;C:\Program Files (x86)\Microsoft SQL Server\150\DTS\Binn\;C:\Program Files\Azure Data Studio\bin;C:\Program Files\Git\cmd;C:\ProgramData\chocolatey\bin;C:\Program Files\nodejs\;C:\Program Files\OpenJDK\openjdk-8u282-b08\bin;C:\Program Files\Java\jdk1.8.0_211\bin;C:\Users\Renato\AppData\Local\Android\Sdk\platform-tools;C:\Users\Renato\AppData\Local\Microsoft\WindowsApps;C:\Users\Renato\AppData\Local\Programs\Microsoft VS Code\bin;;C:\Program Files\Azure Data Studio\bin;C:\Users\Renato\AppData\Roaming\npm;C:\Users\Renato\Desktop\curso-react-native\Calculator\node_modules\.bin
USERNAME=Renato
OS=Windows_NT
PROCESSOR_IDENTIFIER=Intel64 Family 6 Model 142 Stepping 10, GenuineIntel



---------------  S Y S T E M  ---------------

OS: Windows 10.0 , 64 bit Build 18362 (10.0.18362.1350)

CPU:total 8 (initial active 8) (4 cores per cpu, 2 threads per core) family 6 model 142 stepping 10, cmov, cx8, fxsr, mmx, sse, sse2, sse3, ssse3, sse4.1, sse4.2, popcnt, avx, avx2, aes, clmul, erms, 3dnowpref, lzcnt, ht, tsc, tscinvbit, bmi1, bmi2, adx

Memory: 4k page, physical 8301176k(679204k free), swap 8301176k(11732k free)

vm_info: Java HotSpot(TM) 64-Bit Server VM (25.211-b12) for windows-amd64 JRE (1.8.0_211-b12), built on Apr  1 2019 20:53:26 by "java_re" with MS VC++ 10.0 (VS2010)

time: Tue Mar 16 15:38:52 2021
timezone: Hora oficial do Brasil
elapsed time: 7 seconds (0d 0h 0m 7s)

