#
# There is insufficient memory for the Java Runtime Environment to continue.
# Native memory allocation (malloc) failed to allocate 448464 bytes for Chunk::new
# Possible reasons:
#   The system is out of physical RAM or swap space
#   The process is running with CompressedOops enabled, and the Java Heap may be blocking the growth of the native heap
# Possible solutions:
#   Reduce memory load on the system
#   Increase physical memory or swap space
#   Check if swap backing store is full
#   Decrease Java heap size (-Xmx/-Xms)
#   Decrease number of Java threads
#   Decrease Java thread stack sizes (-Xss)
#   Set larger code cache with -XX:ReservedCodeCacheSize=
#   JVM is running with Unscaled Compressed Oops mode in which the Java heap is
#     placed in the first 4GB address space. The Java Heap base address is the
#     maximum limit for the native heap growth. Please use -XX:HeapBaseMinAddress
#     to set the Java Heap base and to place the Java Heap above 4GB virtual address.
# This output file may be truncated or incomplete.
#
#  Out of Memory Error (allocation.cpp:389), pid=1060, tid=0x0000000000003d04
#
# JRE version: Java(TM) SE Runtime Environment (8.0_211-b12) (build 1.8.0_211-b12)
# Java VM: Java HotSpot(TM) 64-Bit Server VM (25.211-b12 mixed mode windows-amd64 compressed oops)
# Failed to write core dump. Minidumps are not enabled by default on client versions of Windows
#

---------------  T H R E A D  ---------------

Current thread (0x0000000015c20000):  JavaThread "C2 CompilerThread0" daemon [_thread_in_native, id=15620, stack(0x0000000016500000,0x0000000016600000)]

Stack: [0x0000000016500000,0x0000000016600000]
[error occurred during error reporting (printing stack bounds), id 0xc0000005]

Native frames: (J=compiled Java code, j=interpreted, Vv=VM code, C=native code)


Current CompileTask:
C2: 127726 18625       4       com.android.tools.r8.ir.optimize.K::a (282 bytes)


---------------  P R O C E S S  ---------------

Java Threads: ( => current thread )
  0x000000001743d000 JavaThread "stdout" [_thread_in_native, id=12452, stack(0x000000002e7b0000,0x000000002e8b0000)]
  0x0000000017444000 JavaThread "stderr" [_thread_in_native, id=17612, stack(0x000000002e6b0000,0x000000002e7b0000)]
  0x0000000017442800 JavaThread "stdout" [_thread_in_native, id=18724, stack(0x000000002e5b0000,0x000000002e6b0000)]
  0x0000000017443000 JavaThread "stderr" [_thread_in_native, id=2420, stack(0x000000002e4b0000,0x000000002e5b0000)]
  0x0000000017441800 JavaThread "stdout" [_thread_in_native, id=4132, stack(0x000000002e3b0000,0x000000002e4b0000)]
  0x000000001743a800 JavaThread "stderr" [_thread_in_native, id=10928, stack(0x000000002e2b0000,0x000000002e3b0000)]
  0x000000001743e800 JavaThread "stdout" [_thread_in_native, id=10144, stack(0x000000002e1b0000,0x000000002e2b0000)]
  0x000000001743f000 JavaThread "stderr" [_thread_in_native, id=7584, stack(0x000000002e0b0000,0x000000002e1b0000)]
  0x000000001743c000 JavaThread "stdout" [_thread_in_native, id=21476, stack(0x000000002dfb0000,0x000000002e0b0000)]
  0x000000001743b800 JavaThread "stdout" [_thread_in_native, id=15600, stack(0x000000002deb0000,0x000000002dfb0000)]
  0x000000001743d800 JavaThread "stderr" [_thread_in_native, id=12216, stack(0x000000002ddb0000,0x000000002deb0000)]
  0x0000000017441000 JavaThread "stderr" [_thread_in_native, id=19696, stack(0x000000002cce0000,0x000000002cde0000)]
  0x0000000017440000 JavaThread "stdout" [_thread_in_native, id=11608, stack(0x000000002cbe0000,0x000000002cce0000)]
  0x000000001ca8c000 JavaThread "stderr" [_thread_in_native, id=17984, stack(0x000000002b390000,0x000000002b490000)]
  0x000000001c303000 JavaThread "pool-2-thread-1" [_thread_blocked, id=14596, stack(0x000000002cae0000,0x000000002cbe0000)]
  0x0000000017c31800 JavaThread "WorkerExecutor Queue Thread 8" [_thread_blocked, id=11188, stack(0x000000002c9e0000,0x000000002cae0000)]
  0x00000000283c7800 JavaThread "WorkerExecutor Queue Thread 7" [_thread_blocked, id=21912, stack(0x000000002c8e0000,0x000000002c9e0000)]
  0x00000000283c7000 JavaThread "WorkerExecutor Queue Thread 6" [_thread_blocked, id=3048, stack(0x000000002c7e0000,0x000000002c8e0000)]
  0x00000000283c4800 JavaThread "WorkerExecutor Queue Thread 5" [_thread_blocked, id=10420, stack(0x000000002c6e0000,0x000000002c7e0000)]
  0x00000000283c9000 JavaThread "WorkerExecutor Queue Thread 4" [_thread_blocked, id=8716, stack(0x000000002c5e0000,0x000000002c6e0000)]
  0x00000000283c4000 JavaThread "WorkerExecutor Queue Thread 3" [_thread_blocked, id=7852, stack(0x000000002c4e0000,0x000000002c5e0000)]
  0x00000000283c3000 JavaThread "WorkerExecutor Queue Thread 2" [_thread_blocked, id=21636, stack(0x000000002b090000,0x000000002b190000)]
  0x00000000283c8800 JavaThread "WorkerExecutor Queue" [_thread_blocked, id=17688, stack(0x000000002aa90000,0x000000002ab90000)]
  0x00000000283bb000 JavaThread "Cache worker for execution history cache (C:\Users\Renato\Desktop\curso-react-native\Calculator\android\.gradle\6.7\executionHistory)" [_thread_blocked, id=15868, stack(0x000000002a990000,0x000000002aa90000)]
  0x00000000283c1000 JavaThread "Execution worker for ':' Thread 7" [_thread_blocked, id=9980, stack(0x000000002a890000,0x000000002a990000)]
  0x00000000283be000 JavaThread "Execution worker for ':' Thread 6" [_thread_blocked, id=21904, stack(0x000000002a790000,0x000000002a890000)]
  0x00000000283bd000 JavaThread "Execution worker for ':' Thread 5" [_thread_blocked, id=3212, stack(0x000000002a690000,0x000000002a790000)]
  0x00000000283c1800 JavaThread "Execution worker for ':' Thread 4" [_thread_blocked, id=18516, stack(0x000000002a590000,0x000000002a690000)]
  0x00000000283be800 JavaThread "Execution worker for ':' Thread 3" [_thread_blocked, id=15440, stack(0x000000002a490000,0x000000002a590000)]
  0x00000000283ba000 JavaThread "Execution worker for ':' Thread 2" [_thread_blocked, id=19992, stack(0x0000000029560000,0x0000000029660000)]
  0x00000000283bb800 JavaThread "Execution worker for ':'" [_thread_blocked, id=17592, stack(0x0000000000720000,0x0000000000820000)]
  0x00000000283c0000 JavaThread "Memory manager" [_thread_blocked, id=22520, stack(0x0000000027fd0000,0x00000000280d0000)]
  0x00000000283bf800 JavaThread "pool-1-thread-1" [_thread_blocked, id=13084, stack(0x00000000265b0000,0x00000000266b0000)]
  0x000000001ca91000 JavaThread "Build operations Thread 8" [_thread_in_Java, id=9060, stack(0x0000000020940000,0x0000000020a40000)]
  0x000000001ca92000 JavaThread "Build operations Thread 7" [_thread_in_vm, id=19816, stack(0x0000000020840000,0x0000000020940000)]
  0x000000001ca89800 JavaThread "Build operations Thread 6" [_thread_in_Java, id=7848, stack(0x0000000020740000,0x0000000020840000)]
  0x000000001ca90800 JavaThread "Build operations Thread 5" [_thread_in_Java, id=12032, stack(0x0000000020640000,0x0000000020740000)]
  0x000000001ca8e000 JavaThread "Build operations Thread 4" [_thread_in_Java, id=19340, stack(0x0000000020540000,0x0000000020640000)]
  0x000000001ca8c800 JavaThread "Build operations Thread 3" [_thread_in_Java, id=12040, stack(0x0000000020440000,0x0000000020540000)]
  0x000000001ca8d800 JavaThread "Build operations Thread 2" [_thread_in_vm, id=14948, stack(0x0000000020340000,0x0000000020440000)]
  0x000000001ca8f800 JavaThread "Build operations" [_thread_in_vm, id=15376, stack(0x0000000020240000,0x0000000020340000)]
  0x000000001ca8f000 JavaThread "Cache worker for Build Output Cleanup Cache (C:\Users\Renato\Desktop\curso-react-native\Calculator\android\.gradle\buildOutputCleanup)" [_thread_blocked, id=5312, stack(0x000000001f500000,0x000000001f600000)]
  0x000000001879a800 JavaThread "Cache worker for file content cache (C:\Users\Renato\.gradle\caches\6.7\fileContent)" [_thread_blocked, id=18452, stack(0x000000001f000000,0x000000001f100000)]
  0x0000000018799000 JavaThread "Cache worker for execution history cache (C:\Users\Renato\.gradle\caches\6.7\executionHistory)" [_thread_blocked, id=10568, stack(0x000000001e800000,0x000000001e900000)]
  0x0000000018795000 JavaThread "Cache worker for cache directory md-rule (C:\Users\Renato\.gradle\caches\6.7\md-rule)" [_thread_blocked, id=9236, stack(0x000000001e700000,0x000000001e800000)]
  0x0000000018798000 JavaThread "Cache worker for cache directory md-supplier (C:\Users\Renato\.gradle\caches\6.7\md-supplier)" [_thread_blocked, id=16164, stack(0x000000001cfe0000,0x000000001d0e0000)]
  0x0000000018794800 JavaThread "Cache worker for checksums cache (C:\Users\Renato\Desktop\curso-react-native\Calculator\android\.gradle\checksums)" [_thread_blocked, id=10560, stack(0x000000001cee0000,0x000000001cfe0000)]
  0x0000000018796800 JavaThread "Cache worker for file hash cache (C:\Users\Renato\Desktop\curso-react-native\Calculator\android\.gradle\6.7\fileHashes)" [_thread_blocked, id=2712, stack(0x000000001e320000,0x000000001e420000)]
  0x0000000018797800 JavaThread "Cache worker for journal cache (C:\Users\Renato\.gradle\caches\journal-1)" [_thread_blocked, id=20748, stack(0x000000001ac40000,0x000000001ad40000)]
  0x0000000018796000 JavaThread "File lock request listener" [_thread_in_native, id=15568, stack(0x000000001ab40000,0x000000001ac40000)]
  0x0000000018793800 JavaThread "Cache worker for file hash cache (C:\Users\Renato\.gradle\caches\6.7\fileHashes)" [_thread_blocked, id=15548, stack(0x000000001aa40000,0x000000001ab40000)]
  0x0000000018702800 JavaThread "Thread-9" [_thread_blocked, id=6804, stack(0x000000001a740000,0x000000001a840000)]
  0x0000000018704800 JavaThread "Stdin handler" [_thread_blocked, id=1612, stack(0x000000001a640000,0x000000001a740000)]
  0x00000000186d1000 JavaThread "Asynchronous log dispatcher for DefaultDaemonConnection: socket connection from /127.0.0.1:49889 to /127.0.0.1:49890" [_thread_blocked, id=17628, stack(0x000000001a540000,0x000000001a640000)]
  0x00000000186c6800 JavaThread "Daemon worker" [_thread_blocked, id=21404, stack(0x000000001a440000,0x000000001a540000)]
  0x00000000179b7800 JavaThread "Cancel handler" [_thread_blocked, id=15788, stack(0x000000001a240000,0x000000001a340000)]
  0x00000000179b5000 JavaThread "Handler for socket connection from /127.0.0.1:49889 to /127.0.0.1:49890" [_thread_in_native, id=5008, stack(0x000000001a140000,0x000000001a240000)]
  0x00000000179b0000 JavaThread "Daemon" [_thread_blocked, id=12948, stack(0x0000000019e40000,0x0000000019f40000)]
  0x000000001869b800 JavaThread "Daemon periodic checks" [_thread_blocked, id=8852, stack(0x0000000019d40000,0x0000000019e40000)]
  0x000000001864f800 JavaThread "Incoming local TCP Connector on port 49889" [_thread_in_native, id=15564, stack(0x0000000019ae0000,0x0000000019be0000)]
  0x00000000185e1800 JavaThread "Daemon health stats" [_thread_blocked, id=20436, stack(0x00000000192a0000,0x00000000193a0000)]
  0x0000000015cb1000 JavaThread "Service Thread" daemon [_thread_blocked, id=8352, stack(0x0000000016900000,0x0000000016a00000)]
  0x0000000015c34800 JavaThread "C1 CompilerThread3" daemon [_thread_blocked, id=9332, stack(0x0000000016800000,0x0000000016900000)]
  0x0000000015c24800 JavaThread "C2 CompilerThread2" daemon [_thread_in_native, id=8232, stack(0x0000000016700000,0x0000000016800000)]
  0x0000000015c21800 JavaThread "C2 CompilerThread1" daemon [_thread_in_native, id=12828, stack(0x0000000016600000,0x0000000016700000)]
=>0x0000000015c20000 JavaThread "C2 CompilerThread0" daemon [_thread_in_native, id=15620, stack(0x0000000016500000,0x0000000016600000)]
  0x0000000015c1c800 JavaThread "Attach Listener" daemon [_thread_blocked, id=18380, stack(0x0000000016400000,0x0000000016500000)]
  0x0000000015c19800 JavaThread "Signal Dispatcher" daemon [_thread_blocked, id=5452, stack(0x0000000016300000,0x0000000016400000)]
  0x0000000015c11800 JavaThread "Finalizer" daemon [_thread_blocked, id=18216, stack(0x00000000160f0000,0x00000000161f0000)]
  0x0000000015c10800 JavaThread "Reference Handler" daemon [_thread_blocked, id=12620, stack(0x0000000015ff0000,0x00000000160f0000)]
  0x00000000024b2800 JavaThread "main" [_thread_blocked, id=5772, stack(0x0000000002330000,0x0000000002430000)]

Other Threads:
  0x0000000013e19800 VMThread [stack: 0x0000000015af0000,0x0000000015bf0000] [id=20616]
  0x0000000015cdb800 WatcherThread [stack: 0x0000000016a00000,0x0000000016b00000] [id=21708]

VM state:at safepoint (normal execution)

VM Mutex/Monitor currently owned by a thread:  ([mutex/lock_event])
[0x00000000024ae630] Threads_lock - owner thread: 0x0000000013e19800
[0x00000000024b1850] Heap_lock - owner thread: 0x000000001ca8d800

heap address: 0x00000000e0000000, size: 512 MB, Compressed Oops mode: 32-bit
Narrow klass base: 0x0000000000000000, Narrow klass shift: 3
Compressed class space size: 1073741824 Address: 0x0000000100000000

Heap:
 PSYoungGen      total 134656K, used 110178K [0x00000000f5580000, 0x0000000100000000, 0x0000000100000000)
  eden space 101888K, 100% used [0x00000000f5580000,0x00000000fb900000,0x00000000fb900000)
  from space 32768K, 25% used [0x00000000fb900000,0x00000000fc118840,0x00000000fd900000)
  to   space 31232K, 0% used [0x00000000fe180000,0x00000000fe1b0000,0x0000000100000000)
 ParOldGen       total 229376K, used 121548K [0x00000000e0000000, 0x00000000ee000000, 0x00000000f5580000)
  object space 229376K, 52% used [0x00000000e0000000,0x00000000e76b3168,0x00000000ee000000)
 Metaspace       used 95966K, capacity 102892K, committed 103040K, reserved 1138688K
  class space    used 13297K, capacity 14697K, committed 14720K, reserved 1048576K

Card table byte_map: [0x0000000011970000,0x0000000011a80000] byte_map_base: 0x0000000011270000

Marking Bits: (ParMarkBitMap*) 0x0000000061f35ce0
 Begin Bits: [0x0000000012330000, 0x0000000012b30000)
 End Bits:   [0x0000000012b30000, 0x0000000013330000)

Polling page: 0x0000000000ab0000

CodeCache: size=245760Kb used=51620Kb max_used=53060Kb free=194139Kb
 bounds [0x00000000025b0000, 0x00000000059c0000, 0x00000000115b0000]
 total_blobs=15589 nmethods=14699 adapters=801
 compilation: enabled

Compilation events (10 events):
Event: 127.661 Thread 0x0000000015c34800 nmethod 18714% 0x00000000032c1210 code [0x00000000032c1580, 0x00000000032c3328]
Event: 127.661 Thread 0x0000000015c34800 18724       3       com.android.tools.r8.s.b.X::c (1154 bytes)
Event: 127.672 Thread 0x0000000015c34800 nmethod 18724 0x0000000005397a90 code [0x0000000005398480, 0x000000000539f7d8]
Event: 127.672 Thread 0x0000000015c34800 18731       1       com.android.tools.r8.q.a.a.a.D::b (4 bytes)
Event: 127.672 Thread 0x0000000015c34800 nmethod 18731 0x0000000002cfe850 code [0x0000000002cfe9a0, 0x0000000002cfea90]
Event: 127.672 Thread 0x0000000015c34800 18736       2       com.android.tools.r8.t.a.a.a.h.V0::containsKey (74 bytes)
Event: 127.673 Thread 0x0000000015c34800 nmethod 18736 0x00000000027195d0 code [0x0000000002719740, 0x0000000002719a08]
Event: 127.673 Thread 0x0000000015c34800 18743       1       com.android.tools.r8.q.a.a.b.m1::f (2 bytes)
Event: 127.673 Thread 0x0000000015c34800 nmethod 18743 0x0000000005514810 code [0x0000000005514960, 0x0000000005514a70]
Event: 127.673 Thread 0x0000000015c34800 18602       2       com.android.tools.r8.ir.conversion.K::a (180 bytes)

GC Heap History (10 events):
Event: 124.715 GC heap before
{Heap before GC invocations=57 (full 4):
 PSYoungGen      total 137728K, used 118901K [0x00000000f5580000, 0x00000000ffb00000, 0x0000000100000000)
  eden space 112128K, 100% used [0x00000000f5580000,0x00000000fc300000,0x00000000fc300000)
  from space 25600K, 26% used [0x00000000fe200000,0x00000000fe89d560,0x00000000ffb00000)
  to   space 28672K, 0% used [0x00000000fc300000,0x00000000fc300000,0x00000000fdf00000)
 ParOldGen       total 229376K, used 63192K [0x00000000e0000000, 0x00000000ee000000, 0x00000000f5580000)
  object space 229376K, 27% used [0x00000000e0000000,0x00000000e3db61e8,0x00000000ee000000)
 Metaspace       used 88291K, capacity 93292K, committed 93440K, reserved 1130496K
  class space    used 11867K, capacity 12763K, committed 12800K, reserved 1048576K
Event: 124.747 GC heap after
Heap after GC invocations=57 (full 4):
 PSYoungGen      total 140800K, used 28670K [0x00000000f5580000, 0x0000000100000000, 0x0000000100000000)
  eden space 112128K, 0% used [0x00000000f5580000,0x00000000f5580000,0x00000000fc300000)
  from space 28672K, 99% used [0x00000000fc300000,0x00000000fdeff820,0x00000000fdf00000)
  to   space 33792K, 0% used [0x00000000fdf00000,0x00000000fdf00000,0x0000000100000000)
 ParOldGen       total 229376K, used 69800K [0x00000000e0000000, 0x00000000ee000000, 0x00000000f5580000)
  object space 229376K, 30% used [0x00000000e0000000,0x00000000e442a188,0x00000000ee000000)
 Metaspace       used 88291K, capacity 93292K, committed 93440K, reserved 1130496K
  class space    used 11867K, capacity 12763K, committed 12800K, reserved 1048576K
}
Event: 126.270 GC heap before
{Heap before GC invocations=58 (full 4):
 PSYoungGen      total 140800K, used 140798K [0x00000000f5580000, 0x0000000100000000, 0x0000000100000000)
  eden space 112128K, 100% used [0x00000000f5580000,0x00000000fc300000,0x00000000fc300000)
  from space 28672K, 99% used [0x00000000fc300000,0x00000000fdeff820,0x00000000fdf00000)
  to   space 33792K, 0% used [0x00000000fdf00000,0x00000000fdf00000,0x0000000100000000)
 ParOldGen       total 229376K, used 69800K [0x00000000e0000000, 0x00000000ee000000, 0x00000000f5580000)
  object space 229376K, 30% used [0x00000000e0000000,0x00000000e442a188,0x00000000ee000000)
 Metaspace       used 94601K, capacity 101182K, committed 101376K, reserved 1136640K
  class space    used 13157K, capacity 14548K, committed 14592K, reserved 1048576K
Event: 126.301 GC heap after
Heap after GC invocations=58 (full 4):
 PSYoungGen      total 133632K, used 19280K [0x00000000f5580000, 0x0000000100000000, 0x0000000100000000)
  eden space 99840K, 0% used [0x00000000f5580000,0x00000000f5580000,0x00000000fb700000)
  from space 33792K, 57% used [0x00000000fdf00000,0x00000000ff1d4200,0x0000000100000000)
  to   space 37376K, 0% used [0x00000000fb700000,0x00000000fb700000,0x00000000fdb80000)
 ParOldGen       total 229376K, used 94128K [0x00000000e0000000, 0x00000000ee000000, 0x00000000f5580000)
  object space 229376K, 41% used [0x00000000e0000000,0x00000000e5bec1a0,0x00000000ee000000)
 Metaspace       used 94601K, capacity 101182K, committed 101376K, reserved 1136640K
  class space    used 13157K, capacity 14548K, committed 14592K, reserved 1048576K
}
Event: 126.699 GC heap before
{Heap before GC invocations=59 (full 4):
 PSYoungGen      total 133632K, used 119120K [0x00000000f5580000, 0x0000000100000000, 0x0000000100000000)
  eden space 99840K, 100% used [0x00000000f5580000,0x00000000fb700000,0x00000000fb700000)
  from space 33792K, 57% used [0x00000000fdf00000,0x00000000ff1d4200,0x0000000100000000)
  to   space 37376K, 0% used [0x00000000fb700000,0x00000000fb700000,0x00000000fdb80000)
 ParOldGen       total 229376K, used 94212K [0x00000000e0000000, 0x00000000ee000000, 0x00000000f5580000)
  object space 229376K, 41% used [0x00000000e0000000,0x00000000e5c01238,0x00000000ee000000)
 Metaspace       used 95685K, capacity 102566K, committed 102784K, reserved 1136640K
  class space    used 13274K, capacity 14684K, committed 14720K, reserved 1048576K
Event: 126.729 GC heap after
Heap after GC invocations=59 (full 4):
 PSYoungGen      total 137216K, used 9420K [0x00000000f5580000, 0x00000000fff80000, 0x0000000100000000)
  eden space 99840K, 0% used [0x00000000f5580000,0x00000000f5580000,0x00000000fb700000)
  from space 37376K, 25% used [0x00000000fb700000,0x00000000fc033000,0x00000000fdb80000)
  to   space 35328K, 0% used [0x00000000fdd00000,0x00000000fdd00000,0x00000000fff80000)
 ParOldGen       total 229376K, used 108528K [0x00000000e0000000, 0x00000000ee000000, 0x00000000f5580000)
  object space 229376K, 47% used [0x00000000e0000000,0x00000000e69fc2c8,0x00000000ee000000)
 Metaspace       used 95685K, capacity 102566K, committed 102784K, reserved 1136640K
  class space    used 13274K, capacity 14684K, committed 14720K, reserved 1048576K
}
Event: 127.082 GC heap before
{Heap before GC invocations=60 (full 4):
 PSYoungGen      total 137216K, used 109260K [0x00000000f5580000, 0x00000000fff80000, 0x0000000100000000)
  eden space 99840K, 100% used [0x00000000f5580000,0x00000000fb700000,0x00000000fb700000)
  from space 37376K, 25% used [0x00000000fb700000,0x00000000fc033000,0x00000000fdb80000)
  to   space 35328K, 0% used [0x00000000fdd00000,0x00000000fdd00000,0x00000000fff80000)
 ParOldGen       total 229376K, used 108533K [0x00000000e0000000, 0x00000000ee000000, 0x00000000f5580000)
  object space 229376K, 47% used [0x00000000e0000000,0x00000000e69fd670,0x00000000ee000000)
 Metaspace       used 95840K, capacity 102726K, committed 102784K, reserved 1136640K
  class space    used 13285K, capacity 14690K, committed 14720K, reserved 1048576K
Event: 127.100 GC heap after
Heap after GC invocations=60 (full 4):
 PSYoungGen      total 130560K, used 11007K [0x00000000f5580000, 0x00000000ff900000, 0x0000000100000000)
  eden space 101888K, 0% used [0x00000000f5580000,0x00000000f5580000,0x00000000fb900000)
  from space 28672K, 38% used [0x00000000fdd00000,0x00000000fe7bfdd8,0x00000000ff900000)
  to   space 32768K, 0% used [0x00000000fb900000,0x00000000fb900000,0x00000000fd900000)
 ParOldGen       total 229376K, used 115527K [0x00000000e0000000, 0x00000000ee000000, 0x00000000f5580000)
  object space 229376K, 50% used [0x00000000e0000000,0x00000000e70d1df0,0x00000000ee000000)
 Metaspace       used 95840K, capacity 102726K, committed 102784K, reserved 1136640K
  class space    used 13285K, capacity 14690K, committed 14720K, reserved 1048576K
}
Event: 127.420 GC heap before
{Heap before GC invocations=61 (full 4):
 PSYoungGen      total 130560K, used 112895K [0x00000000f5580000, 0x00000000ff900000, 0x0000000100000000)
  eden space 101888K, 100% used [0x00000000f5580000,0x00000000fb900000,0x00000000fb900000)
  from space 28672K, 38% used [0x00000000fdd00000,0x00000000fe7bfdd8,0x00000000ff900000)
  to   space 32768K, 0% used [0x00000000fb900000,0x00000000fb900000,0x00000000fd900000)
 ParOldGen       total 229376K, used 115527K [0x00000000e0000000, 0x00000000ee000000, 0x00000000f5580000)
  object space 229376K, 50% used [0x00000000e0000000,0x00000000e70d1df0,0x00000000ee000000)
 Metaspace       used 95898K, capacity 102824K, committed 103040K, reserved 1138688K
  class space    used 13293K, capacity 14697K, committed 14720K, reserved 1048576K
Event: 127.438 GC heap after
Heap after GC invocations=61 (full 4):
 PSYoungGen      total 134656K, used 8290K [0x00000000f5580000, 0x0000000100000000, 0x0000000100000000)
  eden space 101888K, 0% used [0x00000000f5580000,0x00000000f5580000,0x00000000fb900000)
  from space 32768K, 25% used [0x00000000fb900000,0x00000000fc118840,0x00000000fd900000)
  to   space 31232K, 0% used [0x00000000fe180000,0x00000000fe180000,0x0000000100000000)
 ParOldGen       total 229376K, used 121428K [0x00000000e0000000, 0x00000000ee000000, 0x00000000f5580000)
  object space 229376K, 52% used [0x00000000e0000000,0x00000000e7695158,0x00000000ee000000)
 Metaspace       used 95898K, capacity 102824K, committed 103040K, reserved 1138688K
  class space    used 13293K, capacity 14697K, committed 14720K, reserved 1048576K
}

Deoptimization events (10 events):
Event: 127.173 Thread 0x000000001ca8d800 Uncommon trap: reason=bimorphic action=maybe_recompile pc=0x0000000005893944 method=com.android.tools.r8.ir.regalloc.a.a(Lcom/android/tools/r8/s/b/q1;Ljava/util/Collection;)Z @ 1
Event: 127.173 Thread 0x000000001ca8d800 Uncommon trap: reason=bimorphic action=maybe_recompile pc=0x0000000005893944 method=com.android.tools.r8.ir.regalloc.a.a(Lcom/android/tools/r8/s/b/q1;Ljava/util/Collection;)Z @ 1
Event: 127.173 Thread 0x000000001ca8d800 Uncommon trap: reason=bimorphic action=maybe_recompile pc=0x0000000005893944 method=com.android.tools.r8.ir.regalloc.a.a(Lcom/android/tools/r8/s/b/q1;Ljava/util/Collection;)Z @ 1
Event: 127.209 Thread 0x000000001ca8d800 Uncommon trap: reason=unstable_if action=reinterpret pc=0x000000000318eb50 method=java.util.Arrays.equals([Ljava/lang/Object;[Ljava/lang/Object;)Z @ 47
Event: 127.303 Thread 0x000000001ca8e000 Uncommon trap: reason=bimorphic action=maybe_recompile pc=0x00000000033f5cb8 method=java.util.stream.ReferencePipeline.forEachWithCancel(Ljava/util/Spliterator;Ljava/util/stream/Sink;)V @ 1
Event: 127.470 Thread 0x000000001ca8d800 Uncommon trap: reason=unstable_if action=reinterpret pc=0x00000000056923c0 method=com.android.tools.r8.z.a.a.B.a()Ljava/lang/String; @ 8
Event: 127.475 Thread 0x000000001ca8d800 Uncommon trap: reason=unstable_if action=reinterpret pc=0x000000000550c76c method=java.util.concurrent.ConcurrentHashMap.computeIfAbsent(Ljava/lang/Object;Ljava/util/function/Function;)Ljava/lang/Object; @ 456
Event: 127.549 Thread 0x000000001ca8e000 Uncommon trap: reason=unstable_if action=reinterpret pc=0x0000000004c04814 method=com.android.tools.r8.graph.i0.a([C)I @ 44
Event: 127.576 Thread 0x000000001ca90800 Uncommon trap: reason=class_check action=maybe_recompile pc=0x00000000057e5754 method=com.android.tools.r8.s.a.h.e.b(Lcom/android/tools/r8/s/b/k0;)V @ 142
Event: 127.577 Thread 0x000000001ca90800 Uncommon trap: reason=class_check action=maybe_recompile pc=0x00000000057e5754 method=com.android.tools.r8.s.a.h.e.b(Lcom/android/tools/r8/s/b/k0;)V @ 142

Classes redefined (0 events):
No events

Internal exceptions (10 events):
Event: 127.233 Thread 0x000000001ca92000 Exception <a 'sun/nio/fs/WindowsException'> (0x00000000f7fdded8) thrown at [C:\re\workspace\8-2-build-windows-amd64-cygwin\jdk8u211\12973\hotspot\src\share\vm\prims\jni.cpp, line 710]
Event: 127.354 Thread 0x000000001ca90800 Exception <a 'sun/nio/fs/WindowsException'> (0x00000000fa124248) thrown at [C:\re\workspace\8-2-build-windows-amd64-cygwin\jdk8u211\12973\hotspot\src\share\vm\prims\jni.cpp, line 710]
Event: 127.358 Thread 0x000000001ca92000 Exception <a 'sun/nio/fs/WindowsException'> (0x00000000fa2ace28) thrown at [C:\re\workspace\8-2-build-windows-amd64-cygwin\jdk8u211\12973\hotspot\src\share\vm\prims\jni.cpp, line 710]
Event: 127.364 Thread 0x000000001ca89800 Exception <a 'sun/nio/fs/WindowsException'> (0x00000000f9a60520) thrown at [C:\re\workspace\8-2-build-windows-amd64-cygwin\jdk8u211\12973\hotspot\src\share\vm\prims\jni.cpp, line 710]
Event: 127.394 Thread 0x000000001ca8c800 Exception <a 'sun/nio/fs/WindowsException'> (0x00000000fad6ef60) thrown at [C:\re\workspace\8-2-build-windows-amd64-cygwin\jdk8u211\12973\hotspot\src\share\vm\prims\jni.cpp, line 710]
Event: 127.468 Thread 0x000000001ca8d800 Exception <a 'sun/nio/fs/WindowsException'> (0x00000000f621d3b0) thrown at [C:\re\workspace\8-2-build-windows-amd64-cygwin\jdk8u211\12973\hotspot\src\share\vm\prims\jni.cpp, line 710]
Event: 127.521 Thread 0x000000001ca92000 Exception <a 'sun/nio/fs/WindowsException'> (0x00000000f7338818) thrown at [C:\re\workspace\8-2-build-windows-amd64-cygwin\jdk8u211\12973\hotspot\src\share\vm\prims\jni.cpp, line 710]
Event: 127.539 Thread 0x000000001ca8c800 Exception <a 'sun/nio/fs/WindowsException'> (0x00000000f75e2868) thrown at [C:\re\workspace\8-2-build-windows-amd64-cygwin\jdk8u211\12973\hotspot\src\share\vm\prims\jni.cpp, line 710]
Event: 127.641 Thread 0x000000001ca89800 Exception <a 'sun/nio/fs/WindowsException'> (0x00000000f9222750) thrown at [C:\re\workspace\8-2-build-windows-amd64-cygwin\jdk8u211\12973\hotspot\src\share\vm\prims\jni.cpp, line 710]
Event: 127.670 Thread 0x000000001ca8d800 Exception <a 'sun/nio/fs/WindowsException'> (0x00000000f9aeb040) thrown at [C:\re\workspace\8-2-build-windows-amd64-cygwin\jdk8u211\12973\hotspot\src\share\vm\prims\jni.cpp, line 710]

Events (10 events):
Event: 127.576 Thread 0x000000001ca90800 Uncommon trap: trap_request=0xffffffde fr.pc=0x00000000057e5754
Event: 127.576 Thread 0x000000001ca90800 DEOPT PACKING pc=0x00000000057e5754 sp=0x000000002073a4a0
Event: 127.576 Thread 0x000000001ca90800 DEOPT UNPACKING pc=0x00000000025f583b sp=0x000000002073a488 mode 2
Event: 127.577 Thread 0x000000001ca90800 Uncommon trap: trap_request=0xffffffde fr.pc=0x00000000057e5754
Event: 127.577 Thread 0x000000001ca90800 DEOPT PACKING pc=0x00000000057e5754 sp=0x000000002073a590
Event: 127.577 Thread 0x000000001ca90800 DEOPT UNPACKING pc=0x00000000025f583b sp=0x000000002073a588 mode 2
Event: 127.623 Thread 0x000000001ca91000 DEOPT PACKING pc=0x00000000058456de sp=0x0000000020a3a0c0
Event: 127.623 Thread 0x000000001ca91000 DEOPT UNPACKING pc=0x00000000025f7890 sp=0x0000000020a39e98 mode 0
Event: 127.658 Thread 0x000000001ca90800 DEOPT PACKING pc=0x0000000005898107 sp=0x000000002073a0a0
Event: 127.658 Thread 0x000000001ca90800 DEOPT UNPACKING pc=0x00000000025f7890 sp=0x0000000020739f60 mode 0


Dynamic libraries:
0x00007ff7950a0000 - 0x00007ff7950d7000 	C:\Program Files\Java\jdk1.8.0_211\bin\java.exe
0x00007ffd93b80000 - 0x00007ffd93d70000 	C:\WINDOWS\SYSTEM32\ntdll.dll
0x00007ffd89810000 - 0x00007ffd89822000 	C:\Program Files\AVAST Software\Avast\aswhook.dll
0x00007ffd91d60000 - 0x00007ffd91e12000 	C:\WINDOWS\System32\KERNEL32.DLL
0x00007ffd91820000 - 0x00007ffd91ac5000 	C:\WINDOWS\System32\KERNELBASE.dll
0x00007ffd92290000 - 0x00007ffd92333000 	C:\WINDOWS\System32\ADVAPI32.dll
0x00007ffd930f0000 - 0x00007ffd9318e000 	C:\WINDOWS\System32\msvcrt.dll
0x00007ffd923f0000 - 0x00007ffd92487000 	C:\WINDOWS\System32\sechost.dll
0x00007ffd92fd0000 - 0x00007ffd930ef000 	C:\WINDOWS\System32\RPCRT4.dll
0x00007ffd926d0000 - 0x00007ffd92864000 	C:\WINDOWS\System32\USER32.dll
0x00007ffd90d10000 - 0x00007ffd90d31000 	C:\WINDOWS\System32\win32u.dll
0x00007ffd93900000 - 0x00007ffd93926000 	C:\WINDOWS\System32\GDI32.dll
0x00007ffd915b0000 - 0x00007ffd91748000 	C:\WINDOWS\System32\gdi32full.dll
0x00007ffd90af0000 - 0x00007ffd90b8e000 	C:\WINDOWS\System32\msvcp_win.dll
0x00007ffd90b90000 - 0x00007ffd90c8a000 	C:\WINDOWS\System32\ucrtbase.dll
0x00007ffd6ea80000 - 0x00007ffd6ed04000 	C:\WINDOWS\WinSxS\amd64_microsoft.windows.common-controls_6595b64144ccf1df_6.0.18362.1440_none_9e7dbfb9e45e8e67\COMCTL32.dll
0x00007ffd92ba0000 - 0x00007ffd92ed6000 	C:\WINDOWS\System32\combase.dll
0x00007ffd91520000 - 0x00007ffd915a1000 	C:\WINDOWS\System32\bcryptPrimitives.dll
0x00007ffd92af0000 - 0x00007ffd92b1e000 	C:\WINDOWS\System32\IMM32.DLL
0x0000000061fc0000 - 0x0000000062092000 	C:\Program Files\Java\jdk1.8.0_211\jre\bin\msvcr100.dll
0x0000000061710000 - 0x0000000061fb5000 	C:\Program Files\Java\jdk1.8.0_211\jre\bin\server\jvm.dll
0x00007ffd92490000 - 0x00007ffd92498000 	C:\WINDOWS\System32\PSAPI.DLL
0x00007ffd830d0000 - 0x00007ffd830d9000 	C:\WINDOWS\SYSTEM32\WSOCK32.dll
0x00007ffd87880000 - 0x00007ffd8788a000 	C:\WINDOWS\SYSTEM32\VERSION.dll
0x00007ffd835a0000 - 0x00007ffd835c4000 	C:\WINDOWS\SYSTEM32\WINMM.dll
0x00007ffd93ad0000 - 0x00007ffd93b3f000 	C:\WINDOWS\System32\WS2_32.dll
0x00007ffd83570000 - 0x00007ffd8359d000 	C:\WINDOWS\SYSTEM32\winmmbase.dll
0x00007ffd90c90000 - 0x00007ffd90cda000 	C:\WINDOWS\System32\cfgmgr32.dll
0x00007ffd882d0000 - 0x00007ffd882df000 	C:\Program Files\Java\jdk1.8.0_211\jre\bin\verify.dll
0x00007ffd79be0000 - 0x00007ffd79c09000 	C:\Program Files\Java\jdk1.8.0_211\jre\bin\java.dll
0x00007ffd81410000 - 0x00007ffd81426000 	C:\Program Files\Java\jdk1.8.0_211\jre\bin\zip.dll
0x00007ffd93190000 - 0x00007ffd93878000 	C:\WINDOWS\System32\SHELL32.dll
0x00007ffd92340000 - 0x00007ffd923e7000 	C:\WINDOWS\System32\shcore.dll
0x00007ffd90da0000 - 0x00007ffd9151b000 	C:\WINDOWS\System32\windows.storage.dll
0x00007ffd90ab0000 - 0x00007ffd90ace000 	C:\WINDOWS\System32\profapi.dll
0x00007ffd90a40000 - 0x00007ffd90a8a000 	C:\WINDOWS\System32\powrprof.dll
0x00007ffd90a30000 - 0x00007ffd90a40000 	C:\WINDOWS\System32\UMPDC.dll
0x00007ffd91d00000 - 0x00007ffd91d52000 	C:\WINDOWS\System32\shlwapi.dll
0x00007ffd90a90000 - 0x00007ffd90aa1000 	C:\WINDOWS\System32\kernel.appcore.dll
0x00007ffd91800000 - 0x00007ffd91817000 	C:\WINDOWS\System32\cryptsp.dll
0x00007ffd6bf50000 - 0x00007ffd6bf6a000 	C:\Program Files\Java\jdk1.8.0_211\jre\bin\net.dll
0x00007ffd82300000 - 0x00007ffd824d7000 	C:\WINDOWS\SYSTEM32\urlmon.dll
0x00007ffd804d0000 - 0x00007ffd80777000 	C:\WINDOWS\SYSTEM32\iertutil.dll
0x00007ffd90440000 - 0x00007ffd9044c000 	C:\WINDOWS\SYSTEM32\CRYPTBASE.DLL
0x00007ffd90270000 - 0x00007ffd902d7000 	C:\WINDOWS\system32\mswsock.dll
0x00007ffd6bf30000 - 0x00007ffd6bf42000 	C:\Program Files\Java\jdk1.8.0_211\jre\bin\nio.dll
0x00007ffd7c930000 - 0x00007ffd7c956000 	C:\Users\Renato\.gradle\native\fdc75f09e3144964f2cf3f50f0aa648679c211496f362492102eb8c894070792\windows-amd64\native-platform.dll
0x00007ffd4fcd0000 - 0x00007ffd4fe61000 	C:\Users\Renato\.gradle\native\12488b8bf47d2d4c9fbf2f6322a914ad602e24e48041cd04a747c6da556b65c4\windows-amd64\native-platform-file-events.dll
0x00007ffd7aa10000 - 0x00007ffd7aa1d000 	C:\Program Files\Java\jdk1.8.0_211\jre\bin\management.dll
0x00007ffd8fd90000 - 0x00007ffd8fdc3000 	C:\WINDOWS\system32\rsaenh.dll
0x00007ffd90ce0000 - 0x00007ffd90d06000 	C:\WINDOWS\System32\bcrypt.dll
0x00007ffd90950000 - 0x00007ffd90975000 	C:\WINDOWS\SYSTEM32\USERENV.dll
0x00007ffd8ff20000 - 0x00007ffd8ff5a000 	C:\WINDOWS\SYSTEM32\IPHLPAPI.DLL
0x00007ffd92880000 - 0x00007ffd92888000 	C:\WINDOWS\System32\NSI.dll
0x00007ffd862c0000 - 0x00007ffd862d6000 	C:\WINDOWS\SYSTEM32\dhcpcsvc6.DLL
0x00007ffd86ae0000 - 0x00007ffd86afc000 	C:\WINDOWS\SYSTEM32\dhcpcsvc.DLL
0x00007ffd90010000 - 0x00007ffd900db000 	C:\WINDOWS\SYSTEM32\DNSAPI.dll
0x00007ffd86d80000 - 0x00007ffd86d8b000 	C:\WINDOWS\SYSTEM32\WINNSI.DLL
0x00007ffd72190000 - 0x00007ffd721b4000 	C:\Program Files\Java\jdk1.8.0_211\jre\bin\sunec.dll
0x00000000623b0000 - 0x00000000623e5000 	C:\Program Files\Bonjour\mdnsNSP.dll
0x00007ffd85840000 - 0x00007ffd8584a000 	C:\Windows\System32\rasadhlp.dll
0x00007ffd85c60000 - 0x00007ffd85cd7000 	C:\WINDOWS\System32\fwpuclnt.dll
0x00007ffd79f80000 - 0x00007ffd79f8b000 	C:\Program Files\Java\jdk1.8.0_211\jre\bin\sunmscapi.dll
0x00007ffd91ad0000 - 0x00007ffd91c21000 	C:\WINDOWS\System32\CRYPT32.dll
0x00007ffd90ad0000 - 0x00007ffd90ae2000 	C:\WINDOWS\System32\MSASN1.dll
0x00007ffd8fa70000 - 0x00007ffd8faa1000 	C:\WINDOWS\SYSTEM32\ntmarta.dll
0x00007ffd8b0b0000 - 0x00007ffd8b13f000 	C:\WINDOWS\system32\apphelp.dll

VM Arguments:
jvm_args: -XX:MaxMetaspaceSize=256m -XX:+HeapDumpOnOutOfMemoryError -Xms256m -Xmx512m -Dfile.encoding=windows-1252 -Duser.country=BR -Duser.language=pt -Duser.variant 
java_command: org.gradle.launcher.daemon.bootstrap.GradleDaemon 6.7
java_class_path (initial): C:\Users\Renato\.gradle\wrapper\dists\gradle-6.7-all\cuy9mc7upwgwgeb72wkcrupxe\gradle-6.7\lib\gradle-launcher-6.7.jar
Launcher Type: SUN_STANDARD

Environment Variables:
JAVA_HOME=C:\Program Files\Java\jdk1.8.0_211
CLASSPATH=C:\Users\Renato\Desktop\curso-react-native\Calculator\android\\gradle\wrapper\gradle-wrapper.jar
PATH=C:\Users\Renato\Desktop\curso-react-native\Calculator\android\node_modules\.bin;C:\Users\Renato\Desktop\curso-react-native\Calculator\node_modules\.bin;C:\Users\Renato\Desktop\curso-react-native\node_modules\.bin;C:\Users\Renato\Desktop\node_modules\.bin;C:\Users\Renato\node_modules\.bin;C:\Users\node_modules\.bin;C:\node_modules\.bin;C:\Program Files\nodejs;C:\Users\Renato\Desktop\curso-react-native\Calculator\node_modules\.bin;C:\Users\Renato\Desktop\curso-react-native\node_modules\.bin;C:\Users\Renato\Desktop\node_modules\.bin;C:\Users\Renato\node_modules\.bin;C:\Users\node_modules\.bin;C:\node_modules\.bin;C:\Program Files\nodejs\node_modules\npm\node_modules\@npmcli\run-script\lib\node-gyp-bin;C:\Python27\;C:\Python27\Scripts;C:\Program Files (x86)\Intel\Intel(R) Management Engine Components\iCLS\;C:\Program Files\Intel\Intel(R) Management Engine Components\iCLS\;C:\WINDOWS\system32;C:\WINDOWS;C:\WINDOWS\System32\Wbem;C:\WINDOWS\System32\WindowsPowerShell\v1.0\;C:\WINDOWS\System32\OpenSSH\;C:\Program Files (x86)\Intel\Intel(R) Management Engine Components\DAL;C:\Program Files\Intel\Intel(R) Management Engine Components\DAL;C:\Program Files (x86)\Microsoft SQL Server\150\DTS\Binn\;C:\Program Files\Azure Data Studio\bin;C:\Program Files\Git\cmd;C:\ProgramData\chocolatey\bin;C:\Program Files\nodejs\;C:\Program Files\OpenJDK\openjdk-8u282-b08\bin;C:\Program Files\Java\jdk1.8.0_211\bin;C:\Users\Renato\AppData\Local\Android\Sdk\platform-tools;C:\Users\Renato\AppData\Local\Microsoft\WindowsApps;C:\Users\Renato\AppData\Local\Programs\Microsoft VS Code\bin;;C:\Program Files\Azure Data Studio\bin;C:\Users\Renato\AppData\Roaming\npm;C:\Users\Renato\Desktop\curso-react-native\Calculator\node_modules\.bin
USERNAME=Renato
OS=Windows_NT
PROCESSOR_IDENTIFIER=Intel64 Family 6 Model 142 Stepping 10, GenuineIntel



---------------  S Y S T E M  ---------------

OS: Windows 10.0 , 64 bit Build 18362 (10.0.18362.1350)

CPU:total 8 (initial active 8) (4 cores per cpu, 2 threads per core) family 6 model 142 stepping 10, cmov, cx8, fxsr, mmx, sse, sse2, sse3, ssse3, sse4.1, sse4.2, popcnt, avx, avx2, aes, clmul, erms, 3dnowpref, lzcnt, ht, tsc, tscinvbit, bmi1, bmi2, adx

Memory: 4k page, physical 8301176k(500620k free), swap 8301176k(5764k free)

vm_info: Java HotSpot(TM) 64-Bit Server VM (25.211-b12) for windows-amd64 JRE (1.8.0_211-b12), built on Apr  1 2019 20:53:26 by "java_re" with MS VC++ 10.0 (VS2010)

time: Tue Mar 16 15:47:12 2021
timezone: Hora oficial do Brasil
elapsed time: 127 seconds (0d 0h 2m 7s)

